Build started 9/10/2015 5:56:38 PM.
     1>Project "C:\Users\bryson.au\Documents\Visual Studio 2015\Projects\openglthing\openglthing.vcxproj" on node 2 (Build target(s)).
     1>ClCompile:
         C:\Program Files (x86)\Microsoft Visual Studio 14.0\VC\bin\CL.exe /c /I./includes/GLFW /I./includes /ZI /nologo /W3 /WX- /sdl /Od /Oy- /D GLM_FORCE_PURE /D _MBCS /Gm /EHsc /RTC1 /MDd /GS /fp:precise /Zc:wchar_t /Zc:forScope /Zc:inline /Fo"Debug\\" /Fd"Debug\vc140.pdb" /Gd /TP /analyze- /errorReport:prompt Camera.cpp Gizmos.cpp includes\tinyobjloader\tiny_obj_loader.cc Source.cpp Vertex.cpp
         Vertex.cpp
         Source.cpp
     1>c:\users\bryson.au\documents\visual studio 2015\projects\openglthing\camera.h(44): warning C4099: 'GLFWwindow': type name first seen using 'struct' now seen using 'class'
         c:\users\bryson.au\documents\visual studio 2015\projects\openglthing\includes\glfw\glfw3.h(722): note: see declaration of 'GLFWwindow'
     1>c:\users\bryson.au\documents\visual studio 2015\projects\openglthing\source.cpp(95): warning C4244: '=': conversion from 'double' to 'float', possible loss of data
     1>c:\users\bryson.au\documents\visual studio 2015\projects\openglthing\source.cpp(135): warning C4129: 'i': unrecognized character escape sequence
     1>c:\users\bryson.au\documents\visual studio 2015\projects\openglthing\source.cpp(135): warning C4129: ' ': unrecognized character escape sequence
     1>c:\users\bryson.au\documents\visual studio 2015\projects\openglthing\source.cpp(194): warning C4244: '=': conversion from 'double' to 'float', possible loss of data
     1>c:\users\bryson.au\documents\visual studio 2015\projects\openglthing\source.cpp(198): warning C4244: 'initializing': conversion from 'GLint' to 'float', possible loss of data
     1>c:\users\bryson.au\documents\visual studio 2015\projects\openglthing\source.cpp(199): warning C4244: 'initializing': conversion from 'GLint' to 'float', possible loss of data
     1>c:\users\bryson.au\documents\visual studio 2015\projects\openglthing\source.cpp(201): warning C4244: 'argument': conversion from 'float' to 'GLint', possible loss of data
     1>c:\users\bryson.au\documents\visual studio 2015\projects\openglthing\source.cpp(202): warning C4244: 'argument': conversion from 'float' to 'GLint', possible loss of data
         tiny_obj_loader.cc
     1>c1xx : fatal error C1083: Cannot open source file: 'includes\tinyobjloader\tiny_obj_loader.cc': No such file or directory
         Gizmos.cpp
         Camera.cpp
     1>c:\users\bryson.au\documents\visual studio 2015\projects\openglthing\camera.h(44): warning C4099: 'GLFWwindow': type name first seen using 'struct' now seen using 'class'
         c:\users\bryson.au\documents\visual studio 2015\projects\openglthing\includes\glfw\glfw3.h(722): note: see declaration of 'GLFWwindow'
         Generating Code...
     1>Done Building Project "C:\Users\bryson.au\Documents\Visual Studio 2015\Projects\openglthing\openglthing.vcxproj" (Build target(s)) -- FAILED.

Build FAILED.

Time Elapsed 00:00:13.53
